mode: set
github.com/chzyer-dev/pdhw/filter.go:7.41,8.23 1 1
github.com/chzyer-dev/pdhw/filter.go:13.2,13.14 1 1
github.com/chzyer-dev/pdhw/filter.go:8.23,9.18 1 1
github.com/chzyer-dev/pdhw/filter.go:9.18,11.4 1 1
github.com/chzyer-dev/pdhw/filter.go:22.44,24.2 1 1
github.com/chzyer-dev/pdhw/filter.go:26.45,28.2 1 1
github.com/chzyer-dev/pdhw/filter.go:30.46,32.2 1 1
github.com/chzyer-dev/pdhw/filter.go:34.44,36.2 1 1
github.com/chzyer-dev/pdhw/filter.go:38.55,40.2 1 1
github.com/chzyer-dev/pdhw/filter.go:49.46,50.26 1 1
github.com/chzyer-dev/pdhw/filter.go:57.2,57.17 1 1
github.com/chzyer-dev/pdhw/filter.go:70.2,70.14 1 1
github.com/chzyer-dev/pdhw/filter.go:50.26,51.34 1 1
github.com/chzyer-dev/pdhw/filter.go:51.34,52.18 1 1
github.com/chzyer-dev/pdhw/filter.go:52.18,54.5 1 1
github.com/chzyer-dev/pdhw/filter.go:57.17,58.24 1 1
github.com/chzyer-dev/pdhw/filter.go:68.3,68.38 1 1
github.com/chzyer-dev/pdhw/filter.go:58.24,60.31 2 1
github.com/chzyer-dev/pdhw/filter.go:65.4,65.15 1 1
github.com/chzyer-dev/pdhw/filter.go:60.31,61.17 1 1
github.com/chzyer-dev/pdhw/filter.go:61.17,63.6 1 1
github.com/chzyer-dev/pdhw/pdhw.go:3.69,5.6 2 1
github.com/chzyer-dev/pdhw/pdhw.go:13.2,13.18 1 1
github.com/chzyer-dev/pdhw/pdhw.go:5.6,7.10 2 1
github.com/chzyer-dev/pdhw/pdhw.go:10.3,10.27 1 1
github.com/chzyer-dev/pdhw/pdhw.go:7.10,8.9 1 1
github.com/chzyer-dev/pdhw/pdhw.go:17.91,24.25 6 1
github.com/chzyer-dev/pdhw/pdhw.go:42.2,44.13 2 1
github.com/chzyer-dev/pdhw/pdhw.go:24.25,28.40 4 1
github.com/chzyer-dev/pdhw/pdhw.go:32.3,32.30 1 1
github.com/chzyer-dev/pdhw/pdhw.go:28.40,31.4 2 1
github.com/chzyer-dev/pdhw/pdhw.go:32.30,35.35 3 1
github.com/chzyer-dev/pdhw/pdhw.go:35.35,38.5 2 1
github.com/chzyer-dev/pdhw/pdhw.go:50.62,51.22 1 1
github.com/chzyer-dev/pdhw/pdhw.go:54.2,54.33 1 1
github.com/chzyer-dev/pdhw/pdhw.go:59.2,59.10 1 1
github.com/chzyer-dev/pdhw/pdhw.go:51.22,53.3 1 1
github.com/chzyer-dev/pdhw/pdhw.go:54.33,55.49 1 1
github.com/chzyer-dev/pdhw/pdhw.go:55.49,57.4 1 1
github.com/chzyer-dev/pdhw/pdhw.go:64.143,66.37 2 1
github.com/chzyer-dev/pdhw/pdhw.go:102.2,102.8 1 1
github.com/chzyer-dev/pdhw/pdhw.go:66.37,67.34 1 1
github.com/chzyer-dev/pdhw/pdhw.go:67.34,68.34 1 1
github.com/chzyer-dev/pdhw/pdhw.go:71.4,91.11 12 1
github.com/chzyer-dev/pdhw/pdhw.go:68.34,69.13 1 0
github.com/chzyer-dev/pdhw/pdhw.go:91.11,99.5 6 1
github.com/chzyer-dev/pdhw/region.go:7.32,13.2 3 1
github.com/chzyer-dev/pdhw/regionstore.go:13.64,19.44 2 1
github.com/chzyer-dev/pdhw/regionstore.go:22.2,22.11 1 1
github.com/chzyer-dev/pdhw/regionstore.go:19.44,21.3 1 1
github.com/chzyer-dev/pdhw/regionstore.go:25.46,26.41 1 1
github.com/chzyer-dev/pdhw/regionstore.go:26.41,27.18 1 1
github.com/chzyer-dev/pdhw/regionstore.go:27.18,30.4 2 1
github.com/chzyer-dev/pdhw/regionstore.go:35.48,37.33 2 1
github.com/chzyer-dev/pdhw/regionstore.go:44.2,44.12 1 1
github.com/chzyer-dev/pdhw/regionstore.go:37.33,39.27 2 1
github.com/chzyer-dev/pdhw/regionstore.go:42.3,42.8 1 1
github.com/chzyer-dev/pdhw/regionstore.go:39.27,40.12 1 1
github.com/chzyer-dev/pdhw/regionstore.go:47.57,49.26 2 1
github.com/chzyer-dev/pdhw/regionstore.go:55.2,55.13 1 1
github.com/chzyer-dev/pdhw/regionstore.go:49.26,50.34 1 1
github.com/chzyer-dev/pdhw/regionstore.go:53.3,53.36 1 1
github.com/chzyer-dev/pdhw/regionstore.go:50.34,51.12 1 1
github.com/chzyer-dev/pdhw/regionstore.go:58.54,60.33 2 1
github.com/chzyer-dev/pdhw/regionstore.go:67.2,67.13 1 1
github.com/chzyer-dev/pdhw/regionstore.go:60.33,62.27 2 1
github.com/chzyer-dev/pdhw/regionstore.go:65.3,65.29 1 1
github.com/chzyer-dev/pdhw/regionstore.go:62.27,63.12 1 1
github.com/chzyer-dev/pdhw/regionstore.go:72.68,75.33 2 1
github.com/chzyer-dev/pdhw/regionstore.go:89.2,89.13 1 1
github.com/chzyer-dev/pdhw/regionstore.go:75.33,77.27 2 1
github.com/chzyer-dev/pdhw/regionstore.go:81.3,82.28 2 1
github.com/chzyer-dev/pdhw/regionstore.go:87.3,87.34 1 1
github.com/chzyer-dev/pdhw/regionstore.go:77.27,78.12 1 1
github.com/chzyer-dev/pdhw/regionstore.go:82.28,83.25 1 1
github.com/chzyer-dev/pdhw/regionstore.go:83.25,84.18 1 1
github.com/chzyer-dev/pdhw/regionstore.go:93.38,94.18 1 1
github.com/chzyer-dev/pdhw/regionstore.go:97.2,98.29 2 1
github.com/chzyer-dev/pdhw/regionstore.go:94.18,96.3 1 1
github.com/chzyer-dev/pdhw/store.go:7.35,8.21 1 1
github.com/chzyer-dev/pdhw/store.go:13.2,13.11 1 0
github.com/chzyer-dev/pdhw/store.go:8.21,9.22 1 1
github.com/chzyer-dev/pdhw/store.go:9.22,11.4 1 1
github.com/chzyer-dev/pdhw/store.go:21.33,23.2 1 0
github.com/chzyer-dev/pdhw/store.go:25.32,27.2 1 0
github.com/chzyer-dev/pdhw/store.go:29.52,30.21 1 0
github.com/chzyer-dev/pdhw/store.go:33.2,33.23 1 0
github.com/chzyer-dev/pdhw/store.go:30.21,32.3 1 0
github.com/chzyer-dev/pdhw/store.go:36.45,38.2 1 1
github.com/chzyer-dev/pdhw/store_label.go:18.96,25.2 1 1
github.com/chzyer-dev/pdhw/strategy.go:26.39,27.16 1 1
github.com/chzyer-dev/pdhw/strategy.go:30.2,30.12 1 1
github.com/chzyer-dev/pdhw/strategy.go:27.16,29.3 1 1
github.com/chzyer-dev/pdhw/strategy.go:40.61,47.2 1 1
github.com/chzyer-dev/pdhw/strategy.go:49.55,50.27 1 1
github.com/chzyer-dev/pdhw/strategy.go:55.2,55.23 1 1
github.com/chzyer-dev/pdhw/strategy.go:50.27,51.12 1 1
github.com/chzyer-dev/pdhw/strategy.go:51.12,53.4 1 1
github.com/chzyer-dev/pdhw/strategy.go:59.87,65.22 4 1
github.com/chzyer-dev/pdhw/strategy.go:69.2,71.21 2 1
github.com/chzyer-dev/pdhw/strategy.go:132.2,132.20 1 0
github.com/chzyer-dev/pdhw/strategy.go:65.22,67.3 1 1
github.com/chzyer-dev/pdhw/strategy.go:72.32,77.39 3 1
github.com/chzyer-dev/pdhw/strategy.go:87.3,88.41 2 1
github.com/chzyer-dev/pdhw/strategy.go:96.3,101.86 4 1
github.com/chzyer-dev/pdhw/strategy.go:102.38,112.86 3 1
github.com/chzyer-dev/pdhw/strategy.go:113.32,123.86 4 1
github.com/chzyer-dev/pdhw/strategy.go:124.36,129.86 3 1
github.com/chzyer-dev/pdhw/strategy.go:77.39,79.37 2 1
github.com/chzyer-dev/pdhw/strategy.go:85.4,85.28 1 1
github.com/chzyer-dev/pdhw/strategy.go:79.37,82.5 2 1
github.com/chzyer-dev/pdhw/strategy.go:82.10,82.44 1 1
github.com/chzyer-dev/pdhw/strategy.go:82.44,84.5 1 1
github.com/chzyer-dev/pdhw/strategy.go:88.41,89.28 1 1
github.com/chzyer-dev/pdhw/strategy.go:89.28,91.5 1 1
github.com/chzyer-dev/pdhw/strategy.go:91.10,91.35 1 1
github.com/chzyer-dev/pdhw/strategy.go:91.35,93.5 1 1
github.com/chzyer-dev/pdhw/strategy.go:146.44,148.2 1 1
